#
#  This is a Region Code to Account mapping file
#

AR_RAB 548478            # Argentina
AU_RAB 624225 30146097 30321508  # Australia
BE_RAB 30204878          # Belgium
BR_RAB 43673             # Brazil
CL_RAB 30086012          # Chile
CN_RAB 30167443 30167694 30239635 # China
HK_RAB 30114181 775596 326527 85400 30001445  # Hong Kong
IN_RAB 30214976          # India
ID_RAB 213002 30283354 30329401  # Indonesia
IE_RAB 30082955 53332    # Ireland
JP_RAB 30122731 484207 89598   # Japan
ME_RAB 30009312          # Mexico

# Netherlands
NL_RAB 30537 30009756 30197429 196970 30184577 30140309 554332 116553 30299869
NL_RAB 196976 217426 30208420 179739 128915 3616 201308 30273948 73478 179943
NL_RAB 748220 30135751 102834 707527 321502 30246737 49353 30287517 24778
NL_RAB 47285 656310 126293 554749
# Singapore
SG_RAB 117481 117589 30242675 30243089 30024564 30220947
TR_RAB 30218535          # Turkey

# United Kingdom
UK_RAB 73828 206856 30211910 30217083 30218690 30286714 224450 30071763 30330020
UK_RAB 30353779
# United States
US_NAW 8229 220733 319647 585552 30050391 30052667 30143735 455195 30217812
US_NAW 30087853 30201800 30216818 30219040 30241844 30261557 30095638 30359006

#Germany
DE_RAB 30256844 11094
